Traceback (most recent call last):
  File "/opt/hostedtoolcache/Python/3.12.13/x64/lib/python3.12/site-packages/jupyter_cache/executors/utils.py", line 58, in single_nb_execution
    executenb(
  File "/opt/hostedtoolcache/Python/3.12.13/x64/lib/python3.12/site-packages/nbclient/client.py", line 1323, in execute
    return NotebookClient(nb=nb, resources=resources, km=km, **kwargs).execute()
           ^^^^^^^^^^^^^^^^^^^^^^^^^^^^^^^^^^^^^^^^^^^^^^^^^^^^^^^^^^^^^^^^^^^^^
  File "/opt/hostedtoolcache/Python/3.12.13/x64/lib/python3.12/site-packages/jupyter_core/utils/__init__.py", line 165, in wrapped
    return loop.run_until_complete(inner)
           ^^^^^^^^^^^^^^^^^^^^^^^^^^^^^^
  File "/opt/hostedtoolcache/Python/3.12.13/x64/lib/python3.12/asyncio/base_events.py", line 691, in run_until_complete
    return future.result()
           ^^^^^^^^^^^^^^^
  File "/opt/hostedtoolcache/Python/3.12.13/x64/lib/python3.12/site-packages/nbclient/client.py", line 709, in async_execute
    await self.async_execute_cell(
  File "/opt/hostedtoolcache/Python/3.12.13/x64/lib/python3.12/site-packages/nbclient/client.py", line 1062, in async_execute_cell
    await self._check_raise_for_error(cell, cell_index, exec_reply)
  File "/opt/hostedtoolcache/Python/3.12.13/x64/lib/python3.12/site-packages/nbclient/client.py", line 918, in _check_raise_for_error
    raise CellExecutionError.from_cell_and_msg(cell, exec_reply_content)
nbclient.exceptions.CellExecutionError: An error occurred while executing the following cell:
------------------
import aesara.tensor as at
import numpy as np

srng = at.random.RandomStream(0)

loc = np.array([-2, 0, 3.2, 2.5])
scale = np.array([1.2, 1, 5, 2.8])
weights = np.array([0.2, 0.3, 0.1, 0.4])

N_rv = srng.normal(loc, scale, name="N")
I_rv = srng.categorical(weights, name="I")
Y_rv = N_rv[I_rv]
------------------


[31m---------------------------------------------------------------------------[39m
[31mAttributeError[39m                            Traceback (most recent call last)
[36mCell[39m[36m [39m[32mIn[2][39m[32m, line 1[39m
[32m----> [39m[32m1[39m [38;5;28;01mimport[39;00m[38;5;250m [39m[34;01maesara[39;00m[34;01m.[39;00m[34;01mtensor[39;00m[38;5;250m [39m[38;5;28;01mas[39;00m[38;5;250m [39m[34;01mat[39;00m
[32m      2[39m [38;5;28;01mimport[39;00m[38;5;250m [39m[34;01mnumpy[39;00m[38;5;250m [39m[38;5;28;01mas[39;00m[38;5;250m [39m[34;01mnp[39;00m
[32m      4[39m srng = at.random.RandomStream([32m0[39m)

[36mFile [39m[32m/opt/hostedtoolcache/Python/3.12.13/x64/lib/python3.12/site-packages/aesara/__init__.py:120[39m
[32m    116[39m     [38;5;28;01mreturn[39;00m as_tensor_variable(x, **kwargs)
[32m    119[39m [38;5;66;03m# isort: off[39;00m
[32m--> [39m[32m120[39m [38;5;28;01mfrom[39;00m[38;5;250m [39m[34;01maesara[39;00m[38;5;250m [39m[38;5;28;01mimport[39;00m scalar, tensor
[32m    121[39m [38;5;28;01mfrom[39;00m[38;5;250m [39m[34;01maesara[39;00m[34;01m.[39;00m[34;01mcompile[39;00m[38;5;250m [39m[38;5;28;01mimport[39;00m (
[32m    122[39m     In,
[32m    123[39m     Mode,
[32m   (...)[39m[32m    129[39m     shared,
[32m    130[39m )
[32m    131[39m [38;5;28;01mfrom[39;00m[38;5;250m [39m[34;01maesara[39;00m[34;01m.[39;00m[34;01mcompile[39;00m[34;01m.[39;00m[34;01mfunction[39;00m[38;5;250m [39m[38;5;28;01mimport[39;00m function, function_dump

[36mFile [39m[32m/opt/hostedtoolcache/Python/3.12.13/x64/lib/python3.12/site-packages/aesara/tensor/__init__.py:105[39m
[32m    102[39m [38;5;28;01mfrom[39;00m[38;5;250m [39m[34;01maesara[39;00m[34;01m.[39;00m[34;01mgradient[39;00m[38;5;250m [39m[38;5;28;01mimport[39;00m consider_constant, grad, hessian, jacobian  [38;5;66;03m# noqa[39;00m
[32m    104[39m [38;5;66;03m# adds shared-variable constructors[39;00m
[32m--> [39m[32m105[39m [38;5;28;01mfrom[39;00m[38;5;250m [39m[34;01maesara[39;00m[34;01m.[39;00m[34;01mtensor[39;00m[38;5;250m [39m[38;5;28;01mimport[39;00m sharedvar  [38;5;66;03m# noqa[39;00m
[32m    106[39m [38;5;28;01mfrom[39;00m[38;5;250m [39m[34;01maesara[39;00m[34;01m.[39;00m[34;01mtensor[39;00m[38;5;250m [39m[38;5;28;01mimport[39;00m (  [38;5;66;03m# noqa[39;00m
[32m    107[39m     blas,
[32m    108[39m     blas_c,
[32m    109[39m     blas_scipy,
[32m    110[39m     xlogx,
[32m    111[39m )
[32m    112[39m [38;5;28;01mimport[39;00m[38;5;250m [39m[34;01maesara[39;00m[34;01m.[39;00m[34;01mtensor[39;00m[34;01m.[39;00m[34;01mrewriting[39;00m

[36mFile [39m[32m/opt/hostedtoolcache/Python/3.12.13/x64/lib/python3.12/site-packages/aesara/tensor/sharedvar.py:8[39m
[32m      6[39m [38;5;28;01mfrom[39;00m[38;5;250m [39m[34;01maesara[39;00m[34;01m.[39;00m[34;01mmisc[39;00m[34;01m.[39;00m[34;01msafe_asarray[39;00m[38;5;250m [39m[38;5;28;01mimport[39;00m _asarray
[32m      7[39m [38;5;28;01mfrom[39;00m[38;5;250m [39m[34;01maesara[39;00m[34;01m.[39;00m[34;01mtensor[39;00m[38;5;250m [39m[38;5;28;01mimport[39;00m _get_vector_length
[32m----> [39m[32m8[39m [38;5;28;01mfrom[39;00m[38;5;250m [39m[34;01maesara[39;00m[34;01m.[39;00m[34;01mtensor[39;00m[34;01m.[39;00m[34;01mtype[39;00m[38;5;250m [39m[38;5;28;01mimport[39;00m TensorType
[32m      9[39m [38;5;28;01mfrom[39;00m[38;5;250m [39m[34;01maesara[39;00m[34;01m.[39;00m[34;01mtensor[39;00m[34;01m.[39;00m[34;01mvar[39;00m[38;5;250m [39m[38;5;28;01mimport[39;00m _tensor_py_operators
[32m     12[39m [38;5;28;01mdef[39;00m[38;5;250m [39m[34mload_shared_variable[39m(val):

[36mFile [39m[32m/opt/hostedtoolcache/Python/3.12.13/x64/lib/python3.12/site-packages/aesara/tensor/type.py:787[39m
[32m    783[39m     name = kwargs.pop([33m"[39m[33mname[39m[33m"[39m, [38;5;28;01mNone[39;00m)
[32m    784[39m     [38;5;28;01mreturn[39;00m TensorType(*args, **kwargs)(name=name)
[32m--> [39m[32m787[39m cscalar = [43mTensorType[49m[43m([49m[33;43m"[39;49m[33;43mcomplex64[39;49m[33;43m"[39;49m[43m,[49m[43m [49m[43m([49m[43m)[49m[43m)[49m
[32m    788[39m zscalar = TensorType([33m"[39m[33mcomplex128[39m[33m"[39m, ())
[32m    789[39m fscalar = TensorType([33m"[39m[33mfloat32[39m[33m"[39m, ())

[36mFile [39m[32m/opt/hostedtoolcache/Python/3.12.13/x64/lib/python3.12/site-packages/aesara/tensor/type.py:104[39m, in [36mTensorType.__init__[39m[34m(self, dtype, shape, name, broadcastable)[39m
[32m    102[39m     [38;5;28mself[39m.dtype = config.floatX
[32m    103[39m [38;5;28;01melse[39;00m:
[32m--> [39m[32m104[39m     [38;5;28;01mif[39;00m [43mnp[49m[43m.[49m[43mobj2sctype[49m(dtype) [38;5;129;01mis[39;00m [38;5;28;01mNone[39;00m:
[32m    105[39m         [38;5;28;01mraise[39;00m [38;5;167;01mTypeError[39;00m([33mf[39m[33m"[39m[33mInvalid dtype: [39m[38;5;132;01m{[39;00mdtype[38;5;132;01m}[39;00m[33m"[39m)
[32m    107[39m     [38;5;28mself[39m.dtype = np.dtype(dtype).name

[36mFile [39m[32m/opt/hostedtoolcache/Python/3.12.13/x64/lib/python3.12/site-packages/numpy/__init__.py:778[39m, in [36m__getattr__[39m[34m(attr)[39m
[32m    775[39m     [38;5;28;01mraise[39;00m [38;5;167;01mAttributeError[39;00m(__former_attrs__[attr], name=[38;5;28;01mNone[39;00m)
[32m    777[39m [38;5;28;01mif[39;00m attr [38;5;129;01min[39;00m __expired_attributes__:
[32m--> [39m[32m778[39m     [38;5;28;01mraise[39;00m [38;5;167;01mAttributeError[39;00m(
[32m    779[39m         [33mf[39m[33m"[39m[33m`np.[39m[38;5;132;01m{[39;00mattr[38;5;132;01m}[39;00m[33m` was removed in the NumPy 2.0 release. [39m[33m"[39m
[32m    780[39m         [33mf[39m[33m"[39m[38;5;132;01m{[39;00m__expired_attributes__[attr][38;5;132;01m}[39;00m[33m"[39m,
[32m    781[39m         name=[38;5;28;01mNone[39;00m
[32m    782[39m     )
[32m    784[39m [38;5;28;01mif[39;00m attr == [33m"[39m[33mchararray[39m[33m"[39m:
[32m    785[39m     warnings.warn(
[32m    786[39m         [33m"[39m[33m`np.chararray` is deprecated and will be removed from [39m[33m"[39m
[32m    787[39m         [33m"[39m[33mthe main namespace in the future. Use an array with a string [39m[33m"[39m
[32m    788[39m         [33m"[39m[33mor bytes dtype instead.[39m[33m"[39m, [38;5;167;01mDeprecationWarning[39;00m, stacklevel=[32m2[39m)

[31mAttributeError[39m: `np.obj2sctype` was removed in the NumPy 2.0 release. Use `np.dtype(obj).type` instead.

